# JRE version: OpenJDK Runtime Environment (8.0_202-b03) (build 1.8.0_202-release-1483-b03)
# Java VM: OpenJDK 64-Bit Server VM (25.202-b03 mixed mode windows-amd64 compressed oops)
Heap:
 PSYoungGen      total 454656K, used 325767K [0x00000000e0000000, 0x0000000100000000, 0x0000000100000000)
  eden space 392192K, 72% used [0x00000000e0000000,0x00000000f1757da0,0x00000000f7f00000)
  from space 62464K, 63% used [0x00000000f7f00000,0x00000000fa5c9f08,0x00000000fbc00000)
  to   space 65536K, 0% used [0x00000000fc000000,0x00000000fc000000,0x0000000100000000)
 ParOldGen       total 420352K, used 179778K [0x00000000a0000000, 0x00000000b9a80000, 0x00000000e0000000)
  object space 420352K, 42% used [0x00000000a0000000,0x00000000aaf90aa0,0x00000000b9a80000)
 Metaspace       used 109613K, capacity 112903K, committed 113176K, reserved 1148928K
  class space    used 13367K, capacity 14065K, committed 14120K, reserved 1048576K
GC Heap History (10 events):
Event: 205.325 GC heap before
{Heap before GC invocations=29 (full 4):
 PSYoungGen      total 444928K, used 384272K [0x00000000e0000000, 0x00000000ff880000, 0x0000000100000000)
  eden space 371200K, 100% used [0x00000000e0000000,0x00000000f6a80000,0x00000000f6a80000)
  from space 73728K, 17% used [0x00000000fb080000,0x00000000fbd441d0,0x00000000ff880000)
  to   space 71680K, 0% used [0x00000000f6a80000,0x00000000f6a80000,0x00000000fb080000)
 ParOldGen       total 420352K, used 178019K [0x00000000a0000000, 0x00000000b9a80000, 0x00000000e0000000)
  object space 420352K, 42% used [0x00000000a0000000,0x00000000aadd8f40,0x00000000b9a80000)
 Metaspace       used 108911K, capacity 112125K, committed 112280K, reserved 1146880K
  class space    used 13276K, capacity 13964K, committed 13992K, reserved 1048576K
Event: 205.360 GC heap after
Heap after GC invocations=29 (full 4):
 PSYoungGen      total 442880K, used 18938K [0x00000000e0000000, 0x00000000ff600000, 0x0000000100000000)
  eden space 371200K, 0% used [0x00000000e0000000,0x00000000e0000000,0x00000000f6a80000)
  from space 71680K, 26% used [0x00000000f6a80000,0x00000000f7cfeb78,0x00000000fb080000)
  to   space 67584K, 0% used [0x00000000fb400000,0x00000000fb400000,0x00000000ff600000)
 ParOldGen       total 420352K, used 178027K [0x00000000a0000000, 0x00000000b9a80000, 0x00000000e0000000)
  object space 420352K, 42% used [0x00000000a0000000,0x00000000aaddaf40,0x00000000b9a80000)
 Metaspace       used 108911K, capacity 112125K, committed 112280K, reserved 1146880K
  class space    used 13276K, capacity 13964K, committed 13992K, reserved 1048576K
}
Event: 207.548 GC heap before
{Heap before GC invocations=30 (full 4):
 PSYoungGen      total 442880K, used 390138K [0x00000000e0000000, 0x00000000ff600000, 0x0000000100000000)
  eden space 371200K, 100% used [0x00000000e0000000,0x00000000f6a80000,0x00000000f6a80000)
  from space 71680K, 26% used [0x00000000f6a80000,0x00000000f7cfeb78,0x00000000fb080000)
  to   space 67584K, 0% used [0x00000000fb400000,0x00000000fb400000,0x00000000ff600000)
 ParOldGen       total 420352K, used 178027K [0x00000000a0000000, 0x00000000b9a80000, 0x00000000e0000000)
  object space 420352K, 42% used [0x00000000a0000000,0x00000000aaddaf40,0x00000000b9a80000)
 Metaspace       used 108951K, capacity 112125K, committed 112280K, reserved 1146880K
  class space    used 13277K, capacity 13964K, committed 13992K, reserved 1048576K
Event: 207.570 GC heap after
Heap after GC invocations=30 (full 4):
 PSYoungGen      total 449536K, used 11872K [0x00000000e0000000, 0x00000000ff600000, 0x0000000100000000)
  eden space 381952K, 0% used [0x00000000e0000000,0x00000000e0000000,0x00000000f7500000)
  from space 67584K, 17% used [0x00000000fb400000,0x00000000fbf980d0,0x00000000ff600000)
  to   space 64512K, 0% used [0x00000000f7500000,0x00000000f7500000,0x00000000fb400000)
 ParOldGen       total 420352K, used 178783K [0x00000000a0000000, 0x00000000b9a80000, 0x00000000e0000000)
  object space 420352K, 42% used [0x00000000a0000000,0x00000000aae97da8,0x00000000b9a80000)
 Metaspace       used 108951K, capacity 112125K, committed 112280K, reserved 1146880K
  class space    used 13277K, capacity 13964K, committed 13992K, reserved 1048576K
}
Event: 208.943 GC heap before
{Heap before GC invocations=31 (full 4):
 PSYoungGen      total 449536K, used 393824K [0x00000000e0000000, 0x00000000ff600000, 0x0000000100000000)
  eden space 381952K, 100% used [0x00000000e0000000,0x00000000f7500000,0x00000000f7500000)
  from space 67584K, 17% used [0x00000000fb400000,0x00000000fbf980d0,0x00000000ff600000)
  to   space 64512K, 0% used [0x00000000f7500000,0x00000000f7500000,0x00000000fb400000)
 ParOldGen       total 420352K, used 178783K [0x00000000a0000000, 0x00000000b9a80000, 0x00000000e0000000)
  object space 420352K, 42% used [0x00000000a0000000,0x00000000aae97da8,0x00000000b9a80000)
 Metaspace       used 108983K, capacity 112195K, committed 112280K, reserved 1146880K
  class space    used 13278K, capacity 13965K, committed 13992K, reserved 1048576K
Event: 208.955 GC heap after
Heap after GC invocations=31 (full 4):
 PSYoungGen      total 446464K, used 8317K [0x00000000e0000000, 0x00000000ff900000, 0x0000000100000000)
  eden space 381952K, 0% used [0x00000000e0000000,0x00000000e0000000,0x00000000f7500000)
  from space 64512K, 12% used [0x00000000f7500000,0x00000000f7d1f440,0x00000000fb400000)
  to   space 62464K, 0% used [0x00000000fbc00000,0x00000000fbc00000,0x00000000ff900000)
 ParOldGen       total 420352K, used 178791K [0x00000000a0000000, 0x00000000b9a80000, 0x00000000e0000000)
  object space 420352K, 42% used [0x00000000a0000000,0x00000000aae99da8,0x00000000b9a80000)
 Metaspace       used 108983K, capacity 112195K, committed 112280K, reserved 1146880K
  class space    used 13278K, capacity 13965K, committed 13992K, reserved 1048576K
}
Event: 210.509 GC heap before
{Heap before GC invocations=32 (full 4):
 PSYoungGen      total 446464K, used 390269K [0x00000000e0000000, 0x00000000ff900000, 0x0000000100000000)
  eden space 381952K, 100% used [0x00000000e0000000,0x00000000f7500000,0x00000000f7500000)
  from space 64512K, 12% used [0x00000000f7500000,0x00000000f7d1f440,0x00000000fb400000)
  to   space 62464K, 0% used [0x00000000fbc00000,0x00000000fbc00000,0x00000000ff900000)
 ParOldGen       total 420352K, used 178791K [0x00000000a0000000, 0x00000000b9a80000, 0x00000000e0000000)
  object space 420352K, 42% used [0x00000000a0000000,0x00000000aae99da8,0x00000000b9a80000)
 Metaspace       used 109052K, capacity 112219K, committed 112280K, reserved 1146880K
  class space    used 13285K, capacity 13969K, committed 13992K, reserved 1048576K
Event: 210.572 GC heap after
Heap after GC invocations=32 (full 4):
 PSYoungGen      total 454656K, used 31572K [0x00000000e0000000, 0x00000000ffe00000, 0x0000000100000000)
  eden space 392192K, 0% used [0x00000000e0000000,0x00000000e0000000,0x00000000f7f00000)
  from space 62464K, 50% used [0x00000000fbc00000,0x00000000fdad5158,0x00000000ff900000)
  to   space 62464K, 0% used [0x00000000f7f00000,0x00000000f7f00000,0x00000000fbc00000)
 ParOldGen       total 420352K, used 178799K [0x00000000a0000000, 0x00000000b9a80000, 0x00000000e0000000)
  object space 420352K, 42% used [0x00000000a0000000,0x00000000aae9bda8,0x00000000b9a80000)
 Metaspace       used 109052K, capacity 112219K, committed 112280K, reserved 1146880K
  class space    used 13285K, capacity 13969K, committed 13992K, reserved 1048576K
}
Event: 211.175 GC heap before
{Heap before GC invocations=33 (full 4):
 PSYoungGen      total 454656K, used 423764K [0x00000000e0000000, 0x00000000ffe00000, 0x0000000100000000)
  eden space 392192K, 100% used [0x00000000e0000000,0x00000000f7f00000,0x00000000f7f00000)
  from space 62464K, 50% used [0x00000000fbc00000,0x00000000fdad5158,0x00000000ff900000)
  to   space 62464K, 0% used [0x00000000f7f00000,0x00000000f7f00000,0x00000000fbc00000)
 ParOldGen       total 420352K, used 178799K [0x00000000a0000000, 0x00000000b9a80000, 0x00000000e0000000)
  object space 420352K, 42% used [0x00000000a0000000,0x00000000aae9bda8,0x00000000b9a80000)
 Metaspace       used 109052K, capacity 112219K, committed 112280K, reserved 1146880K
  class space    used 13285K, capacity 13969K, committed 13992K, reserved 1048576K
Event: 211.260 GC heap after
Heap after GC invocations=33 (full 4):
 PSYoungGen      total 454656K, used 39719K [0x00000000e0000000, 0x0000000100000000, 0x0000000100000000)
  eden space 392192K, 0% used [0x00000000e0000000,0x00000000e0000000,0x00000000f7f00000)
  from space 62464K, 63% used [0x00000000f7f00000,0x00000000fa5c9f08,0x00000000fbc00000)
  to   space 65536K, 0% used [0x00000000fc000000,0x00000000fc000000,0x0000000100000000)
 ParOldGen       total 420352K, used 179778K [0x00000000a0000000, 0x00000000b9a80000, 0x00000000e0000000)
  object space 420352K, 42% used [0x00000000a0000000,0x00000000aaf90aa0,0x00000000b9a80000)
 Metaspace       used 109052K, capacity 112219K, committed 112280K, reserved 1146880K
  class space    used 13285K, capacity 13969K, committed 13992K, reserved 1048576K
}

